Log of 2023-06-19 22-33-54
ZET-Fenster geladen.
Es schneiden sich die R?ume: Room 0 - Room 1
Laufzeit CA:3 ms
Speicher f?r Lauf: -64315592 Bytes
Es schneiden sich die R?ume: Room 0 - Room 1
Laufzeit CA:1 ms
create Nodes
create Nodes FERTIG
calculate Edges & Capacities
calculate Edges & Capacities FERTIG
connect Rooms
connect Rooms FERTIG
BEGINNE TRANSIT-TIMES
calculate INTRA-Room-Edge-Transit-Times
calculate INTRA-Room-Edge-Transit-Times FERTIG 1
calculate INTER-Room-Edge-Transit-Times
calculate INTER-Room-Edge-Transit-Times FERTIG 1
TRANSIT-TIMES-FERTIG 2
15 Edges: 47
[1,1]
Sent 0 of 0 flow units in 0 time units successfully.
Sending the flow units required 0 ms.
Speicher f?r Lauf: 5369168 Bytes
