Error log of 2023-06-19 22-33-54
INVALID ENUM
WIRD GESCHLOSSEN
WIRD GESCHLOSSEN
WIRD GESCHLOSSEN
WIRD GESCHLOSSEN
F?r gleichzeitige Ankunft berechnete Geschwindigkeit: 0
Exception in thread "Thread-6" javax.media.opengl.GLException: java.lang.ArithmeticException: / by zero
	at javax.media.opengl.Threading.invokeOnOpenGLThread(Threading.java:271)
	at javax.media.opengl.GLCanvas.maybeDoSingleThreadedWorkaround(GLCanvas.java:410)
	at javax.media.opengl.GLCanvas.display(GLCanvas.java:244)
	at com.sun.opengl.util.Animator.display(Animator.java:144)
	at com.sun.opengl.util.Animator$MainLoop.run(Animator.java:181)
	at java.lang.Thread.run(Unknown Source)
Caused by: java.lang.ArithmeticException: / by zero
	at gui.visualization.control.GLControl.addTime(GLControl.java:482)
	at gui.visualization.Visualization.animate(Visualization.java:324)
	at gui.visualization.Visualization.display(Visualization.java:255)
	at com.sun.opengl.impl.GLDrawableHelper.display(GLDrawableHelper.java:78)
	at javax.media.opengl.GLCanvas$DisplayAction.run(GLCanvas.java:435)
	at com.sun.opengl.impl.GLDrawableHelper.invokeGL(GLDrawableHelper.java:194)
	at javax.media.opengl.GLCanvas$DisplayOnEventDispatchThreadAction.run(GLCanvas.java:452)
	at java.awt.event.InvocationEvent.dispatch(Unknown Source)
	at java.awt.EventQueue.dispatchEventImpl(Unknown Source)
	at java.awt.EventQueue.access$500(Unknown Source)
	at java.awt.EventQueue$3.run(Unknown Source)
	at java.awt.EventQueue$3.run(Unknown Source)
	at java.security.AccessController.doPrivileged(Native Method)
	at java.security.ProtectionDomain$JavaSecurityAccessImpl.doIntersectionPrivilege(Unknown Source)
	at java.awt.EventQueue.dispatchEvent(Unknown Source)
	at java.awt.EventDispatchThread.pumpOneEventForFilters(Unknown Source)
	at java.awt.EventDispatchThread.pumpEventsForFilter(Unknown Source)
	at java.awt.EventDispatchThread.pumpEventsForHierarchy(Unknown Source)
	at java.awt.EventDispatchThread.pumpEvents(Unknown Source)
	at java.awt.EventDispatchThread.pumpEvents(Unknown Source)
	at java.awt.EventDispatchThread.run(Unknown Source)
Exception in thread "Thread-7" javax.media.opengl.GLException: java.lang.ArithmeticException: / by zero
	at javax.media.opengl.Threading.invokeOnOpenGLThread(Threading.java:271)
	at javax.media.opengl.GLCanvas.maybeDoSingleThreadedWorkaround(GLCanvas.java:410)
	at javax.media.opengl.GLCanvas.display(GLCanvas.java:244)
	at com.sun.opengl.util.Animator.display(Animator.java:144)
	at com.sun.opengl.util.Animator$MainLoop.run(Animator.java:181)
	at java.lang.Thread.run(Unknown Source)
Caused by: java.lang.ArithmeticException: / by zero
	at gui.visualization.control.GLControl.addTime(GLControl.java:482)
	at gui.visualization.Visualization.animate(Visualization.java:324)
	at gui.visualization.Visualization.display(Visualization.java:255)
	at com.sun.opengl.impl.GLDrawableHelper.display(GLDrawableHelper.java:78)
	at javax.media.opengl.GLCanvas$DisplayAction.run(GLCanvas.java:435)
	at com.sun.opengl.impl.GLDrawableHelper.invokeGL(GLDrawableHelper.java:194)
	at javax.media.opengl.GLCanvas$DisplayOnEventDispatchThreadAction.run(GLCanvas.java:452)
	at java.awt.event.InvocationEvent.dispatch(Unknown Source)
	at java.awt.EventQueue.dispatchEventImpl(Unknown Source)
	at java.awt.EventQueue.access$500(Unknown Source)
	at java.awt.EventQueue$3.run(Unknown Source)
	at java.awt.EventQueue$3.run(Unknown Source)
	at java.security.AccessController.doPrivileged(Native Method)
	at java.security.ProtectionDomain$JavaSecurityAccessImpl.doIntersectionPrivilege(Unknown Source)
	at java.awt.EventQueue.dispatchEvent(Unknown Source)
	at java.awt.EventDispatchThread.pumpOneEventForFilters(Unknown Source)
	at java.awt.EventDispatchThread.pumpEventsForFilter(Unknown Source)
	at java.awt.EventDispatchThread.pumpEventsForHierarchy(Unknown Source)
	at java.awt.EventDispatchThread.pumpEvents(Unknown Source)
	at java.awt.EventDispatchThread.pumpEvents(Unknown Source)
	at java.awt.EventDispatchThread.run(Unknown Source)
